
> rest-express@1.0.0 build
> tsx script/build.ts

building client...
vite v7.3.1 building client environment for production...
transforming...

A PostCSS plugin did not pass the `from` option to `postcss.parse`. This may cause imported assets to be incorrectly transformed. If you've recently added a PostCSS plugin that raised this warning, please contact the package author to fix the issue.
✓ 3181 modules transformed.
rendering chunks...
computing gzip size...
../dist/public/index.html                                2.98 kB │ gzip:   1.19 kB
../dist/public/assets/index-CjT43Alu.css                87.85 kB │ gzip:  14.90 kB
../dist/public/assets/check-DG-dW80n.js                  0.12 kB │ gzip:   0.13 kB
../dist/public/assets/chevron-up-CkdTHRgo.js             0.12 kB │ gzip:   0.14 kB
../dist/public/assets/chevron-down-DZCgmypB.js           0.12 kB │ gzip:   0.14 kB
../dist/public/assets/chevron-right-CoRxZFHL.js          0.13 kB │ gzip:   0.14 kB
../dist/public/assets/chevron-left-BmVhuYfX.js           0.13 kB │ gzip:   0.14 kB
../dist/public/assets/loader-circle-BuIobR_R.js          0.14 kB │ gzip:   0.15 kB
../dist/public/assets/index-DjIEIKNU.js                  0.14 kB │ gzip:   0.14 kB
../dist/public/assets/message-circle-DAHy38NG.js         0.14 kB │ gzip:   0.15 kB
../dist/public/assets/isToday-BfdSKJKn.js                0.15 kB │ gzip:   0.14 kB
../dist/public/assets/arrow-left-fgNiA1ig.js             0.16 kB │ gzip:   0.16 kB
../dist/public/assets/arrow-right-D9tDGeqL.js            0.16 kB │ gzip:   0.16 kB
../dist/public/assets/search-CK4NviwG.js                 0.16 kB │ gzip:   0.16 kB
../dist/public/assets/circle-check-CENtux24.js           0.17 kB │ gzip:   0.16 kB
../dist/public/assets/skeleton-DrdpGi9m.js               0.17 kB │ gzip:   0.16 kB
../dist/public/assets/clock-De4Wkx4D.js                  0.18 kB │ gzip:   0.17 kB
../dist/public/assets/message-square-IxlhWJak.js         0.18 kB │ gzip:   0.16 kB
../dist/public/assets/clock-3-CGOe7xXO.js                0.18 kB │ gzip:   0.17 kB
../dist/public/assets/megaphone-B-A_QGDc.js              0.19 kB │ gzip:   0.18 kB
../dist/public/assets/circle-plus-B2kJKPY0.js            0.20 kB │ gzip:   0.17 kB
../dist/public/assets/circle-x-BfJNUb5X.js               0.20 kB │ gzip:   0.17 kB
../dist/public/assets/trending-up-Ch_F2XUA.js            0.20 kB │ gzip:   0.18 kB
../dist/public/assets/bell-B7RaurTD.js                   0.21 kB │ gzip:   0.18 kB
../dist/public/assets/star-BYHe5bJE.js                   0.21 kB │ gzip:   0.18 kB
../dist/public/assets/copy-Ds0a4t_k.js                   0.23 kB │ gzip:   0.20 kB
../dist/public/assets/activity-DEuW4PsL.js               0.23 kB │ gzip:   0.19 kB
../dist/public/assets/heart-DRkfUVqy.js                  0.24 kB │ gzip:   0.21 kB
../dist/public/assets/link-2-DvDucRzi.js                 0.24 kB │ gzip:   0.20 kB
../dist/public/assets/globe-CTIv8ba6.js                  0.24 kB │ gzip:   0.19 kB
../dist/public/assets/camera-CcuKA5Ed.js                 0.25 kB │ gzip:   0.21 kB
../dist/public/assets/circle-alert-8gocBLym.js           0.25 kB │ gzip:   0.18 kB
../dist/public/assets/chart-column-CfaqFcfW.js           0.25 kB │ gzip:   0.19 kB
../dist/public/assets/user-check-Bey4XZ2o.js             0.25 kB │ gzip:   0.22 kB
../dist/public/assets/map-pin-KOO42tBm.js                0.25 kB │ gzip:   0.22 kB
../dist/public/assets/user-minus-BYHP8W7B.js             0.25 kB │ gzip:   0.21 kB
../dist/public/assets/log-out-C1OMntPY.js                0.26 kB │ gzip:   0.22 kB
../dist/public/assets/log-in-BUxw2wFH.js                 0.26 kB │ gzip:   0.22 kB
../dist/public/assets/download-CnuZobDO.js               0.26 kB │ gzip:   0.22 kB
../dist/public/assets/triangle-alert-DbiD6YU8.js         0.26 kB │ gzip:   0.21 kB
../dist/public/assets/shield-DgXJ46YQ.js                 0.27 kB │ gzip:   0.22 kB
../dist/public/assets/repeat-BvHizyVw.js                 0.27 kB │ gzip:   0.20 kB
../dist/public/assets/pencil-DYd_LGa3.js                 0.27 kB │ gzip:   0.22 kB
../dist/public/assets/send-BGieZTEI.js                   0.29 kB │ gzip:   0.22 kB
../dist/public/assets/shield-check-0FDR0_tJ.js           0.32 kB │ gzip:   0.24 kB
../dist/public/assets/refresh-cw-6ejwxjQv.js             0.32 kB │ gzip:   0.22 kB
../dist/public/assets/ticket-CVtbjPl6.js                 0.32 kB │ gzip:   0.21 kB
../dist/public/assets/tag-QM0giKex.js                    0.32 kB │ gzip:   0.25 kB
../dist/public/assets/share-2-CFRa5mQq.js                0.35 kB │ gzip:   0.23 kB
../dist/public/assets/trash-2-PyGnDtjI.js                0.35 kB │ gzip:   0.24 kB
../dist/public/assets/crown-gaKQB1Ui.js                  0.36 kB │ gzip:   0.25 kB
../dist/public/assets/zap-CWCG3k1S.js                    0.38 kB │ gzip:   0.27 kB
../dist/public/assets/medal-tiup4zui.js                  0.43 kB │ gzip:   0.28 kB
../dist/public/assets/sparkles-CvC7Z2wE.js               0.51 kB │ gzip:   0.30 kB
../dist/public/assets/not-found-wNaythqt.js              0.67 kB │ gzip:   0.37 kB
../dist/public/assets/badge-DsXz3HRd.js                  0.73 kB │ gzip:   0.40 kB
../dist/public/assets/constants-BMrtjK2H.js              0.80 kB │ gzip:   0.30 kB
../dist/public/assets/card-BadqlSB3.js                   1.01 kB │ gzip:   0.37 kB
../dist/public/assets/button-DvT53Ur9.js                 1.16 kB │ gzip:   0.59 kB
../dist/public/assets/formatDistanceToNow-C-mWfXCb.js    2.26 kB │ gzip:   0.91 kB
../dist/public/assets/avatar-Dy885RKA.js                 2.34 kB │ gzip:   1.07 kB
../dist/public/assets/image-upload-B2Pop6lm.js           2.84 kB │ gzip:   1.40 kB
../dist/public/assets/notifications-I4GbuZfe.js          4.71 kB │ gzip:   1.83 kB
../dist/public/assets/navbar-BGeStb7R.js                 5.05 kB │ gzip:   1.75 kB
../dist/public/assets/events-BWjC--6m.js                 5.48 kB │ gzip:   1.91 kB
../dist/public/assets/matched-clubs-ByxpEjl9.js          5.58 kB │ gzip:   1.76 kB
../dist/public/assets/AnnouncementsTab-BEdLcgOZ.js       5.71 kB │ gzip:   1.93 kB
../dist/public/assets/member-profile-CzlJKEHE.js         5.79 kB │ gzip:   1.81 kB
../dist/public/assets/MembersTab-D1OctcPz.js             6.14 kB │ gzip:   2.20 kB
../dist/public/assets/login-DyWHDmaj.js                  6.80 kB │ gzip:   2.13 kB
../dist/public/assets/RequestsTab-D51CdYbI.js            7.83 kB │ gzip:   2.31 kB
../dist/public/assets/organizer-CEDJaq9T.js              8.74 kB │ gzip:   2.90 kB
../dist/public/assets/onboarding-Oo9aAyj-.js             9.48 kB │ gzip:   2.80 kB
../dist/public/assets/OverviewTab-B-xdcEAP.js            9.57 kB │ gzip:   2.46 kB
../dist/public/assets/EditTab-DEB-ACy6.js               10.18 kB │ gzip:   2.53 kB
../dist/public/assets/InsightsTab-CFpqWu-T.js           11.62 kB │ gzip:   2.42 kB
../dist/public/assets/public-club-DfD3K0-m.js           14.49 kB │ gzip:   3.63 kB
../dist/public/assets/scan-event-BYiQWNWU.js            15.81 kB │ gzip:   4.33 kB
../dist/public/assets/explore-ByJHa319.js               16.48 kB │ gzip:   3.87 kB
../dist/public/assets/ContentTab-DNk6tcGR.js            17.47 kB │ gzip:   3.46 kB
../dist/public/assets/home-C_9HokpV.js                  17.87 kB │ gzip:   5.64 kB
../dist/public/assets/format-BD_2emg0.js                19.61 kB │ gzip:   5.60 kB
../dist/public/assets/event-detail-BUXLYnaV.js          22.43 kB │ gzip:   5.80 kB
../dist/public/assets/home-feed-DJSdegQ-.js             22.69 kB │ gzip:   6.53 kB
../dist/public/assets/page-builder-BJidm3dK.js          23.89 kB │ gzip:   5.67 kB
../dist/public/assets/EventsTab-4cWo0Vul.js             28.73 kB │ gzip:   6.59 kB
../dist/public/assets/profile-Bfowsnt-.js               29.87 kB │ gzip:   6.81 kB
../dist/public/assets/create-CBxuNRWX.js                38.67 kB │ gzip:  11.83 kB
../dist/public/assets/club-detail-CKrXryk4.js           65.64 kB │ gzip:  15.36 kB
../dist/public/assets/schema-CRN7yxEU.js               104.62 kB │ gzip:  25.51 kB
../dist/public/assets/index-DZyvqG3I.js                113.80 kB │ gzip:  37.46 kB
../dist/public/assets/index-CW5SLQe_.js                334.94 kB │ gzip: 100.08 kB
../dist/public/assets/admin-CyvqiWLB.js                446.36 kB │ gzip: 118.31 kB
../dist/public/assets/index-BU01UUVy.js                511.44 kB │ gzip: 155.49 kB

(!) Some chunks are larger than 500 kB after minification. Consider:
- Using dynamic import() to code-split the application
- Use build.rollupOptions.output.manualChunks to improve chunking: https://rollupjs.org/configuration-options/#output-manualchunks
- Adjust chunk size limit for this warning via build.chunkSizeWarningLimit.
✓ built in 15.01s
building server...
▲ [WARNING] "import.meta" is not available with the "cjs" output format and will be empty [empty-import-meta]

    server/og.ts:41:32:
      41 │ ...mplatePath = path.resolve(import.meta.dirname, "public", "index...
         ╵                              ~~~~~~~~~~~

  You need to set the output format to "esm" for "import.meta" to work correctly.

▲ [WARNING] "import.meta" is not available with the "cjs" output format and will be empty [empty-import-meta]

    server/og.ts:43:32:
      43 │ ...mplatePath = path.resolve(import.meta.dirname, "..", "client", ...
         ╵                              ~~~~~~~~~~~

  You need to set the output format to "esm" for "import.meta" to work correctly.

2 warnings

  dist/index.cjs  1.4mb ⚠️

⚡ Done in 209ms
