7:14:54 PM [express] serving on http://0.0.0.0:5000
Error seeding database: error: Tenant or user not found
    at /tmp/cc-agent/64695686/project/dist/index.cjs:76:13330
    at process.processTicksAndRejections (node:internal/process/task_queues:103:5)
    at async /tmp/cc-agent/64695686/project/dist/index.cjs:76:28668
    at async W$ (/tmp/cc-agent/64695686/project/dist/index.cjs:161:32759) {
  length: 52,
  severity: 'FATAL',
  code: 'XX000',
  detail: undefined,
  hint: undefined,
  position: undefined,
  internalPosition: undefined,
  internalQuery: undefined,
  where: undefined,
  schema: undefined,
  table: undefined,
  column: undefined,
  dataType: undefined,
  constraint: undefined,
  file: undefined,
  line: undefined,
  routine: undefined
}
